have_header: checking for sybfront.h... -------------------- no

"gcc -o conftest -I/home/paul/.rvm/rubies/ruby-2.3.0/include/ruby-2.3.0/x86_64-linux -I/home/paul/.rvm/rubies/ruby-2.3.0/include/ruby-2.3.0/ruby/backward -I/home/paul/.rvm/rubies/ruby-2.3.0/include/ruby-2.3.0 -I. -I/home/paul/.rvm/rubies/ruby-2.3.0/include -I/usr/local/include -I/usr/include     -O3 -fno-fast-math -ggdb3 -Wall -Wextra -Wno-unused-parameter -Wno-parentheses -Wno-long-long -Wno-missing-field-initializers -Wunused-variable -Wpointer-arith -Wwrite-strings -Wdeclaration-after-statement -Wimplicit-function-declaration -Wdeprecated-declarations -Wno-packed-bitfield-compat -Wno-maybe-uninitialized  -fPIC  conftest.c  -L. -L/home/paul/.rvm/rubies/ruby-2.3.0/lib -Wl,-R/home/paul/.rvm/rubies/ruby-2.3.0/lib -L/home/paul/.rvm/rubies/ruby-2.3.0/lib -Wl,-R/home/paul/.rvm/rubies/ruby-2.3.0/lib -L/usr/local/lib -Wl,-R/usr/local/lib -L/usr/lib -Wl,-R/usr/lib -L/home/paul/.rvm/lib -Wl,-R/home/paul/.rvm/lib -L. -fstack-protector -rdynamic -Wl,-export-dynamic      -Wl,-rpath,'/../lib' -Wl,-R'/../lib' -lruby  -lpthread -lgmp -ldl -lcrypt -lm   -lc "
checked program was:
/* begin */
1: #include "ruby.h"
2: 
3: int main(int argc, char **argv)
4: {
5:   return 0;
6: }
/* end */

"gcc -E -I/home/paul/.rvm/rubies/ruby-2.3.0/include/ruby-2.3.0/x86_64-linux -I/home/paul/.rvm/rubies/ruby-2.3.0/include/ruby-2.3.0/ruby/backward -I/home/paul/.rvm/rubies/ruby-2.3.0/include/ruby-2.3.0 -I. -I/home/paul/.rvm/rubies/ruby-2.3.0/include -I/usr/local/include -I/usr/include     -O3 -fno-fast-math -ggdb3 -Wall -Wextra -Wno-unused-parameter -Wno-parentheses -Wno-long-long -Wno-missing-field-initializers -Wunused-variable -Wpointer-arith -Wwrite-strings -Wdeclaration-after-statement -Wimplicit-function-declaration -Wdeprecated-declarations -Wno-packed-bitfield-compat -Wno-maybe-uninitialized  -fPIC   conftest.c -o conftest.i"
conftest.c:3:22: fatal error: sybfront.h: No such file or directory
compilation terminated.
checked program was:
/* begin */
1: #include "ruby.h"
2: 
3: #include <sybfront.h>
/* end */

--------------------

have_header: checking for sybfront.h... -------------------- yes

"gcc -E -I/home/paul/.rvm/rubies/ruby-2.3.0/include/ruby-2.3.0/x86_64-linux -I/home/paul/.rvm/rubies/ruby-2.3.0/include/ruby-2.3.0/ruby/backward -I/home/paul/.rvm/rubies/ruby-2.3.0/include/ruby-2.3.0 -I. -I/home/paul/Documents/dev/bfnz/vendor/cache/ruby/2.3.0/gems/tiny_tds-0.7.0/ports/x86_64-pc-linux-gnu/include -I/home/paul/.rvm/rubies/ruby-2.3.0/include -I/usr/local/include -I/usr/include     -O3 -fno-fast-math -ggdb3 -Wall -Wextra -Wno-unused-parameter -Wno-parentheses -Wno-long-long -Wno-missing-field-initializers -Wunused-variable -Wpointer-arith -Wwrite-strings -Wdeclaration-after-statement -Wimplicit-function-declaration -Wdeprecated-declarations -Wno-packed-bitfield-compat -Wno-maybe-uninitialized  -fPIC   conftest.c -o conftest.i"
checked program was:
/* begin */
1: #include "ruby.h"
2: 
3: #include <sybfront.h>
/* end */

--------------------

have_header: checking for sybdb.h... -------------------- yes

"gcc -E -I/home/paul/.rvm/rubies/ruby-2.3.0/include/ruby-2.3.0/x86_64-linux -I/home/paul/.rvm/rubies/ruby-2.3.0/include/ruby-2.3.0/ruby/backward -I/home/paul/.rvm/rubies/ruby-2.3.0/include/ruby-2.3.0 -I. -I/home/paul/Documents/dev/bfnz/vendor/cache/ruby/2.3.0/gems/tiny_tds-0.7.0/ports/x86_64-pc-linux-gnu/include -I/home/paul/.rvm/rubies/ruby-2.3.0/include -I/usr/local/include -I/usr/include     -O3 -fno-fast-math -ggdb3 -Wall -Wextra -Wno-unused-parameter -Wno-parentheses -Wno-long-long -Wno-missing-field-initializers -Wunused-variable -Wpointer-arith -Wwrite-strings -Wdeclaration-after-statement -Wimplicit-function-declaration -Wdeprecated-declarations -Wno-packed-bitfield-compat -Wno-maybe-uninitialized  -fPIC   conftest.c -o conftest.i"
checked program was:
/* begin */
1: #include "ruby.h"
2: 
3: #include <sybdb.h>
/* end */

--------------------

find_library: checking for tdsdbopen() in -lsybdb... -------------------- yes

"gcc -o conftest -I/home/paul/.rvm/rubies/ruby-2.3.0/include/ruby-2.3.0/x86_64-linux -I/home/paul/.rvm/rubies/ruby-2.3.0/include/ruby-2.3.0/ruby/backward -I/home/paul/.rvm/rubies/ruby-2.3.0/include/ruby-2.3.0 -I. -I/home/paul/Documents/dev/bfnz/vendor/cache/ruby/2.3.0/gems/tiny_tds-0.7.0/ports/x86_64-pc-linux-gnu/include -I/home/paul/.rvm/rubies/ruby-2.3.0/include -I/usr/local/include -I/usr/include     -O3 -fno-fast-math -ggdb3 -Wall -Wextra -Wno-unused-parameter -Wno-parentheses -Wno-long-long -Wno-missing-field-initializers -Wunused-variable -Wpointer-arith -Wwrite-strings -Wdeclaration-after-statement -Wimplicit-function-declaration -Wdeprecated-declarations -Wno-packed-bitfield-compat -Wno-maybe-uninitialized  -fPIC  conftest.c  -L. -L/home/paul/.rvm/rubies/ruby-2.3.0/lib -Wl,-R/home/paul/.rvm/rubies/ruby-2.3.0/lib -L/home/paul/Documents/dev/bfnz/vendor/cache/ruby/2.3.0/gems/tiny_tds-0.7.0/ports/x86_64-pc-linux-gnu/lib -Wl,-R/home/paul/Documents/dev/bfnz/vendor/cache/ruby/2.3.0/gems/tiny_tds-0.7.0/ports/x86_64-pc-linux-gnu/lib -L/home/paul/.rvm/rubies/ruby-2.3.0/lib -Wl,-R/home/paul/.rvm/rubies/ruby-2.3.0/lib -L/usr/local/lib -Wl,-R/usr/local/lib -L/usr/lib -Wl,-R/usr/lib -L/home/paul/.rvm/lib -Wl,-R/home/paul/.rvm/lib -L. -fstack-protector -rdynamic -Wl,-export-dynamic      -Wl,-rpath,'/../lib' -Wl,-R'/../lib' -lruby -lsybdb  -lpthread -lgmp -ldl -lcrypt -lm   -lc "
conftest.c: In function ‘t’:
conftest.c:13:57: error: ‘tdsdbopen’ undeclared (first use in this function)
 int t(void) { void ((*volatile p)()); p = (void ((*)()))tdsdbopen; return !p; }
                                                         ^
conftest.c:13:57: note: each undeclared identifier is reported only once for each function it appears in
checked program was:
/* begin */
 1: #include "ruby.h"
 2: 
 3: /*top*/
 4: extern int t(void);
 5: int main(int argc, char **argv)
 6: {
 7:   if (argc > 1000000) {
 8:     printf("%p", &t);
 9:   }
10: 
11:   return 0;
12: }
13: int t(void) { void ((*volatile p)()); p = (void ((*)()))tdsdbopen; return !p; }
/* end */

"gcc -o conftest -I/home/paul/.rvm/rubies/ruby-2.3.0/include/ruby-2.3.0/x86_64-linux -I/home/paul/.rvm/rubies/ruby-2.3.0/include/ruby-2.3.0/ruby/backward -I/home/paul/.rvm/rubies/ruby-2.3.0/include/ruby-2.3.0 -I. -I/home/paul/Documents/dev/bfnz/vendor/cache/ruby/2.3.0/gems/tiny_tds-0.7.0/ports/x86_64-pc-linux-gnu/include -I/home/paul/.rvm/rubies/ruby-2.3.0/include -I/usr/local/include -I/usr/include     -O3 -fno-fast-math -ggdb3 -Wall -Wextra -Wno-unused-parameter -Wno-parentheses -Wno-long-long -Wno-missing-field-initializers -Wunused-variable -Wpointer-arith -Wwrite-strings -Wdeclaration-after-statement -Wimplicit-function-declaration -Wdeprecated-declarations -Wno-packed-bitfield-compat -Wno-maybe-uninitialized  -fPIC  conftest.c  -L. -L/home/paul/.rvm/rubies/ruby-2.3.0/lib -Wl,-R/home/paul/.rvm/rubies/ruby-2.3.0/lib -L/home/paul/Documents/dev/bfnz/vendor/cache/ruby/2.3.0/gems/tiny_tds-0.7.0/ports/x86_64-pc-linux-gnu/lib -Wl,-R/home/paul/Documents/dev/bfnz/vendor/cache/ruby/2.3.0/gems/tiny_tds-0.7.0/ports/x86_64-pc-linux-gnu/lib -L/home/paul/.rvm/rubies/ruby-2.3.0/lib -Wl,-R/home/paul/.rvm/rubies/ruby-2.3.0/lib -L/usr/local/lib -Wl,-R/usr/local/lib -L/usr/lib -Wl,-R/usr/lib -L/home/paul/.rvm/lib -Wl,-R/home/paul/.rvm/lib -L. -fstack-protector -rdynamic -Wl,-export-dynamic      -Wl,-rpath,'/../lib' -Wl,-R'/../lib' -lruby -lsybdb  -lpthread -lgmp -ldl -lcrypt -lm   -lc "
checked program was:
/* begin */
 1: #include "ruby.h"
 2: 
 3: /*top*/
 4: extern int t(void);
 5: int main(int argc, char **argv)
 6: {
 7:   if (argc > 1000000) {
 8:     printf("%p", &t);
 9:   }
10: 
11:   return 0;
12: }
13: extern void tdsdbopen();
14: int t(void) { tdsdbopen(); return 0; }
/* end */

--------------------

find_library: checking for ct_bind() in -lct... -------------------- yes

"gcc -o conftest -I/home/paul/.rvm/rubies/ruby-2.3.0/include/ruby-2.3.0/x86_64-linux -I/home/paul/.rvm/rubies/ruby-2.3.0/include/ruby-2.3.0/ruby/backward -I/home/paul/.rvm/rubies/ruby-2.3.0/include/ruby-2.3.0 -I. -I/home/paul/Documents/dev/bfnz/vendor/cache/ruby/2.3.0/gems/tiny_tds-0.7.0/ports/x86_64-pc-linux-gnu/include -I/home/paul/.rvm/rubies/ruby-2.3.0/include -I/usr/local/include -I/usr/include     -O3 -fno-fast-math -ggdb3 -Wall -Wextra -Wno-unused-parameter -Wno-parentheses -Wno-long-long -Wno-missing-field-initializers -Wunused-variable -Wpointer-arith -Wwrite-strings -Wdeclaration-after-statement -Wimplicit-function-declaration -Wdeprecated-declarations -Wno-packed-bitfield-compat -Wno-maybe-uninitialized  -fPIC  conftest.c  -L. -L/home/paul/.rvm/rubies/ruby-2.3.0/lib -Wl,-R/home/paul/.rvm/rubies/ruby-2.3.0/lib -L/home/paul/Documents/dev/bfnz/vendor/cache/ruby/2.3.0/gems/tiny_tds-0.7.0/ports/x86_64-pc-linux-gnu/lib -Wl,-R/home/paul/Documents/dev/bfnz/vendor/cache/ruby/2.3.0/gems/tiny_tds-0.7.0/ports/x86_64-pc-linux-gnu/lib -L/home/paul/.rvm/rubies/ruby-2.3.0/lib -Wl,-R/home/paul/.rvm/rubies/ruby-2.3.0/lib -L/usr/local/lib -Wl,-R/usr/local/lib -L/usr/lib -Wl,-R/usr/lib -L/home/paul/.rvm/lib -Wl,-R/home/paul/.rvm/lib -L. -fstack-protector -rdynamic -Wl,-export-dynamic     -lsybdb  -Wl,-rpath,'/../lib' -Wl,-R'/../lib' -lruby -lct -lsybdb  -lpthread -lgmp -ldl -lcrypt -lm   -lc "
conftest.c: In function ‘t’:
conftest.c:13:57: error: ‘ct_bind’ undeclared (first use in this function)
 int t(void) { void ((*volatile p)()); p = (void ((*)()))ct_bind; return !p; }
                                                         ^
conftest.c:13:57: note: each undeclared identifier is reported only once for each function it appears in
checked program was:
/* begin */
 1: #include "ruby.h"
 2: 
 3: /*top*/
 4: extern int t(void);
 5: int main(int argc, char **argv)
 6: {
 7:   if (argc > 1000000) {
 8:     printf("%p", &t);
 9:   }
10: 
11:   return 0;
12: }
13: int t(void) { void ((*volatile p)()); p = (void ((*)()))ct_bind; return !p; }
/* end */

"gcc -o conftest -I/home/paul/.rvm/rubies/ruby-2.3.0/include/ruby-2.3.0/x86_64-linux -I/home/paul/.rvm/rubies/ruby-2.3.0/include/ruby-2.3.0/ruby/backward -I/home/paul/.rvm/rubies/ruby-2.3.0/include/ruby-2.3.0 -I. -I/home/paul/Documents/dev/bfnz/vendor/cache/ruby/2.3.0/gems/tiny_tds-0.7.0/ports/x86_64-pc-linux-gnu/include -I/home/paul/.rvm/rubies/ruby-2.3.0/include -I/usr/local/include -I/usr/include     -O3 -fno-fast-math -ggdb3 -Wall -Wextra -Wno-unused-parameter -Wno-parentheses -Wno-long-long -Wno-missing-field-initializers -Wunused-variable -Wpointer-arith -Wwrite-strings -Wdeclaration-after-statement -Wimplicit-function-declaration -Wdeprecated-declarations -Wno-packed-bitfield-compat -Wno-maybe-uninitialized  -fPIC  conftest.c  -L. -L/home/paul/.rvm/rubies/ruby-2.3.0/lib -Wl,-R/home/paul/.rvm/rubies/ruby-2.3.0/lib -L/home/paul/Documents/dev/bfnz/vendor/cache/ruby/2.3.0/gems/tiny_tds-0.7.0/ports/x86_64-pc-linux-gnu/lib -Wl,-R/home/paul/Documents/dev/bfnz/vendor/cache/ruby/2.3.0/gems/tiny_tds-0.7.0/ports/x86_64-pc-linux-gnu/lib -L/home/paul/.rvm/rubies/ruby-2.3.0/lib -Wl,-R/home/paul/.rvm/rubies/ruby-2.3.0/lib -L/usr/local/lib -Wl,-R/usr/local/lib -L/usr/lib -Wl,-R/usr/lib -L/home/paul/.rvm/lib -Wl,-R/home/paul/.rvm/lib -L. -fstack-protector -rdynamic -Wl,-export-dynamic     -lsybdb  -Wl,-rpath,'/../lib' -Wl,-R'/../lib' -lruby -lct -lsybdb  -lpthread -lgmp -ldl -lcrypt -lm   -lc "
checked program was:
/* begin */
 1: #include "ruby.h"
 2: 
 3: /*top*/
 4: extern int t(void);
 5: int main(int argc, char **argv)
 6: {
 7:   if (argc > 1000000) {
 8:     printf("%p", &t);
 9:   }
10: 
11:   return 0;
12: }
13: extern void ct_bind();
14: int t(void) { ct_bind(); return 0; }
/* end */

--------------------

